<?xml version="1.0" encoding="UTF-8"?>
<testng-results ignored="0" total="1" passed="1" failed="0" skipped="0">
  <reporter-output>
  </reporter-output>
  <suite started-at="2024-01-18T20:37:51 IST" name="Default suite" finished-at="2024-01-18T20:40:05 IST" duration-ms="134164">
    <groups>
    </groups>
    <test started-at="2024-01-18T20:37:51 IST" name="Default test" finished-at="2024-01-18T20:40:05 IST" duration-ms="134164">
      <class name="redbus.qa.base.BookBusTicketTest">
        <test-method is-config="true" signature="InitalizeExtentReport()[pri:0, instance:redbus.qa.base.BookBusTicketTest@5b247367]" started-at="2024-01-18T20:37:50 IST" name="InitalizeExtentReport" finished-at="2024-01-18T20:37:51 IST" duration-ms="561" status="PASS">
          <reporter-output>
          </reporter-output>
        </test-method> <!-- InitalizeExtentReport -->
        <test-method is-config="true" signature="getnameMethod(org.testng.ITestContext)[pri:0, instance:redbus.qa.base.BookBusTicketTest@5b247367]" started-at="2024-01-18T20:37:51 IST" name="getnameMethod" finished-at="2024-01-18T20:37:51 IST" duration-ms="15" status="PASS">
          <params>
            <param index="0">
              <value>
                <![CDATA[org.testng.TestRunner@6bfaa0a6]]>
              </value>
            </param>
          </params>
          <reporter-output>
          </reporter-output>
        </test-method> <!-- getnameMethod -->
        <test-method is-config="true" signature="OpenApp()[pri:0, instance:redbus.qa.base.BookBusTicketTest@5b247367]" started-at="2024-01-18T20:37:51 IST" name="OpenApp" finished-at="2024-01-18T20:39:43 IST" duration-ms="112387" status="PASS">
          <reporter-output>
          </reporter-output>
        </test-method> <!-- OpenApp -->
        <test-method signature="SearchBus()[pri:0, instance:redbus.qa.base.BookBusTicketTest@5b247367]" started-at="2024-01-18T20:39:43 IST" name="SearchBus" finished-at="2024-01-18T20:39:54 IST" duration-ms="11277" status="PASS">
          <reporter-output>
          </reporter-output>
        </test-method> <!-- SearchBus -->
        <test-method is-config="true" signature="generateTestStatus(java.lang.reflect.Method,org.testng.ITestResult)[pri:0, instance:redbus.qa.base.BookBusTicketTest@5b247367]" started-at="2024-01-18T20:39:54 IST" name="generateTestStatus" finished-at="2024-01-18T20:39:54 IST" duration-ms="16" status="PASS">
          <params>
            <param index="0">
              <value>
                <![CDATA[public void redbus.qa.base.BookBusTicketTest.SearchBus() throws java.lang.InterruptedException]]>
              </value>
            </param>
            <param index="1">
              <value>
                <![CDATA[[TestResult name=SearchBus status=SUCCESS method=BookBusTicketTest.SearchBus()[pri:0, instance:redbus.qa.base.BookBusTicketTest@5b247367] output={null}]]]>
              </value>
            </param>
          </params>
          <reporter-output>
          </reporter-output>
        </test-method> <!-- generateTestStatus -->
        <test-method is-config="true" signature="CloseApp()[pri:0, instance:redbus.qa.base.BookBusTicketTest@5b247367]" started-at="2024-01-18T20:39:54 IST" name="CloseApp" finished-at="2024-01-18T20:40:05 IST" duration-ms="10406" status="PASS">
          <reporter-output>
          </reporter-output>
        </test-method> <!-- CloseApp -->
        <test-method is-config="true" signature="generateReports()[pri:0, instance:redbus.qa.base.BookBusTicketTest@5b247367]" started-at="2024-01-18T20:40:07 IST" name="generateReports" finished-at="2024-01-18T20:40:40 IST" duration-ms="32797" status="PASS">
          <reporter-output>
          </reporter-output>
        </test-method> <!-- generateReports -->
      </class> <!-- redbus.qa.base.BookBusTicketTest -->
    </test> <!-- Default test -->
  </suite> <!-- Default suite -->
</testng-results>
